This file contains any messages produced by compilers while
running configure, to aid debugging if configure makes a mistake.

It was created by the_silver_searcher configure 2.2.0, which was
generated by GNU Autoconf 2.69.  Invocation command line was

  $ ./configure --host=arm-apple-darwin11

## --------- ##
## Platform. ##
## --------- ##

hostname = growtopiajaw-X555LJ
uname -m = x86_64
uname -r = 5.4.0-47-generic
uname -s = Linux
uname -v = #51-Ubuntu SMP Fri Sep 4 19:50:52 UTC 2020

/usr/bin/uname -p = unknown
/bin/uname -X     = unknown

/bin/arch              = unknown
/usr/bin/arch -k       = unknown
/usr/convex/getsysinfo = unknown
/usr/bin/hostinfo      = unknown
/bin/machine           = unknown
/usr/bin/oslevel       = unknown
/bin/universe          = unknown

PATH: /opt/android-sdk/tools
PATH: /opt/android-sdk/tools/bin
PATH: /home/ubuntu/perl5/bin
PATH: /opt/android-sdk/tools
PATH: /opt/android-sdk/tools/bin
PATH: /home/ubuntu/perl5/bin
PATH: /opt/android-sdk/tools
PATH: /opt/android-sdk/tools/bin
PATH: /home/ubuntu/perl5/bin
PATH: /home/growtopiajaw/.local/bin
PATH: /usr/local/sbin
PATH: /usr/local/bin
PATH: /usr/sbin
PATH: /usr/bin
PATH: /sbin
PATH: /bin
PATH: /usr/games
PATH: /usr/local/games
PATH: /snap/bin
PATH: /home/ubuntu/.local/bin
PATH: /usr/lib/jvm/java-8-openjdk-amd64/bin
PATH: /home/growtopiajaw/Desktop/cctools-port-master/usage_examples/ios_toolchain/target
PATH: /home/ubuntu/.local/bin
PATH: /usr/lib/jvm/java-8-openjdk-amd64/bin
PATH: /home/growtopiajaw/Desktop/cctools-port-master/usage_examples/ios_toolchain/target
PATH: /home/growtopiajaw/Desktop/cctools-port-master/usage_examples/ios_toolchain/target/bin
PATH: /home/growtopiajaw/Desktop/cctools-port-master/usage_examples/ios_toolchain/target/include
PATH: /home/growtopiajaw/Desktop/cctools-port-master/usage_examples/ios_toolchain/target/lib
PATH: /home/growtopiajaw/Desktop/cctools-port-master/usage_examples/ios_toolchain/target/libexec
PATH: /home/growtopiajaw/Desktop/cctools-port-master/usage_examples/ios_toolchain/target/SDK
PATH: /home/growtopiajaw/Desktop/cctools-port-master/usage_examples/ios_toolchain/target/share
PATH: /home/ubuntu/.local/bin
PATH: /usr/lib/jvm/java-8-openjdk-amd64/bin
PATH: /home/growtopiajaw/Desktop/cctools-port-master/usage_examples/ios_toolchain/target
PATH: /home/growtopiajaw/Desktop/cctools-port-master/usage_examples/ios_toolchain/target/bin
PATH: /home/growtopiajaw/Desktop/cctools-port-master/usage_examples/ios_toolchain/target/include
PATH: /home/growtopiajaw/Desktop/cctools-port-master/usage_examples/ios_toolchain/target/lib
PATH: /home/growtopiajaw/Desktop/cctools-port-master/usage_examples/ios_toolchain/target/libexec
PATH: /home/growtopiajaw/Desktop/cctools-port-master/usage_examples/ios_toolchain/target/SDK
PATH: /home/growtopiajaw/Desktop/cctools-port-master/usage_examples/ios_toolchain/target/share


## ----------- ##
## Core tests. ##
## ----------- ##

configure:2348: checking for a BSD-compatible install
configure:2416: result: /usr/bin/install -c
configure:2427: checking whether build environment is sane
configure:2482: result: yes
configure:2539: checking for arm-apple-darwin11-strip
configure:2555: found /home/growtopiajaw/Desktop/cctools-port-master/usage_examples/ios_toolchain/target/bin/arm-apple-darwin11-strip
configure:2566: result: arm-apple-darwin11-strip
configure:2631: checking for a thread-safe mkdir -p
configure:2670: result: /bin/mkdir -p
configure:2677: checking for gawk
configure:2693: found /usr/bin/gawk
configure:2704: result: gawk
configure:2715: checking whether make sets $(MAKE)
configure:2737: result: yes
configure:2766: checking whether make supports nested variables
configure:2783: result: yes
configure:2909: checking for arm-apple-darwin11-gcc
configure:2936: result: /home/growtopiajaw/Desktop/cctools-port-master/usage_examples/ios_toolchain/target/bin/arm-apple-darwin11-clang
configure:3205: checking for C compiler version
configure:3214: /home/growtopiajaw/Desktop/cctools-port-master/usage_examples/ios_toolchain/target/bin/arm-apple-darwin11-clang --version >&5
clang version 10.0.0-4ubuntu1 
Target: aarch64-apple-darwin11
Thread model: posix
InstalledDir: /usr/bin
configure:3225: $? = 0
configure:3214: /home/growtopiajaw/Desktop/cctools-port-master/usage_examples/ios_toolchain/target/bin/arm-apple-darwin11-clang -v >&5
clang version 10.0.0-4ubuntu1 
Target: aarch64-apple-darwin11
Thread model: posix
InstalledDir: /usr/bin
clang: warning: argument unused during compilation: '-isysroot /home/growtopiajaw/Desktop/cctools-port-master/usage_examples/ios_toolchain/target/bin/../SDK/iPhoneOS12.4.sdk' [-Wunused-command-line-argument]
clang: warning: argument unused during compilation: '-miphoneos-version-min=12.4' [-Wunused-command-line-argument]
clang: warning: argument unused during compilation: '-mlinker-version=450.3' [-Wunused-command-line-argument]
configure:3225: $? = 0
configure:3214: /home/growtopiajaw/Desktop/cctools-port-master/usage_examples/ios_toolchain/target/bin/arm-apple-darwin11-clang -V >&5
clang: error: argument to '-V' is missing (expected 1 value)
clang: error: no input files
configure:3225: $? = 1
configure:3214: /home/growtopiajaw/Desktop/cctools-port-master/usage_examples/ios_toolchain/target/bin/arm-apple-darwin11-clang -qversion >&5
clang: error: unknown argument '-qversion'; did you mean '--version'?
clang: error: no input files
configure:3225: $? = 1
configure:3245: checking whether the C compiler works
configure:3267: /home/growtopiajaw/Desktop/cctools-port-master/usage_examples/ios_toolchain/target/bin/arm-apple-darwin11-clang -arch arm64 -isysroot /home/growtopiajaw/Desktop/cctools-port-master/usage_examples/ios_toolchain/target/SDK/iPhoneOS12.4.sdk -miphoneos-version-min=12.4  -arch arm64 -isysroot /home/growtopiajaw/Desktop/cctools-port-master/usage_examples/ios_toolchain/target/SDK/iPhoneOS12.4.sdk -miphoneos-version-min=12.4 conftest.c  >&5
configure:3271: $? = 0
configure:3319: result: yes
configure:3322: checking for C compiler default output file name
configure:3324: result: a.out
configure:3330: checking for suffix of executables
configure:3337: /home/growtopiajaw/Desktop/cctools-port-master/usage_examples/ios_toolchain/target/bin/arm-apple-darwin11-clang -o conftest -arch arm64 -isysroot /home/growtopiajaw/Desktop/cctools-port-master/usage_examples/ios_toolchain/target/SDK/iPhoneOS12.4.sdk -miphoneos-version-min=12.4  -arch arm64 -isysroot /home/growtopiajaw/Desktop/cctools-port-master/usage_examples/ios_toolchain/target/SDK/iPhoneOS12.4.sdk -miphoneos-version-min=12.4 conftest.c  >&5
configure:3341: $? = 0
configure:3363: result: 
configure:3385: checking whether we are cross compiling
configure:3393: /home/growtopiajaw/Desktop/cctools-port-master/usage_examples/ios_toolchain/target/bin/arm-apple-darwin11-clang -o conftest -arch arm64 -isysroot /home/growtopiajaw/Desktop/cctools-port-master/usage_examples/ios_toolchain/target/SDK/iPhoneOS12.4.sdk -miphoneos-version-min=12.4  -arch arm64 -isysroot /home/growtopiajaw/Desktop/cctools-port-master/usage_examples/ios_toolchain/target/SDK/iPhoneOS12.4.sdk -miphoneos-version-min=12.4 conftest.c  >&5
configure:3397: $? = 0
configure:3404: ./conftest
./configure: line 3406: ./conftest: cannot execute binary file: Exec format error
configure:3408: $? = 126
configure:3396: result: yes
configure:3401: checking for suffix of object files
configure:3423: /home/growtopiajaw/Desktop/cctools-port-master/usage_examples/ios_toolchain/target/bin/arm-apple-darwin11-clang -c -arch arm64 -isysroot /home/growtopiajaw/Desktop/cctools-port-master/usage_examples/ios_toolchain/target/SDK/iPhoneOS12.4.sdk -miphoneos-version-min=12.4  conftest.c >&5
configure:3427: $? = 0
configure:3448: result: o
configure:3452: checking whether we are using the GNU C compiler
configure:3471: /home/growtopiajaw/Desktop/cctools-port-master/usage_examples/ios_toolchain/target/bin/arm-apple-darwin11-clang -c -arch arm64 -isysroot /home/growtopiajaw/Desktop/cctools-port-master/usage_examples/ios_toolchain/target/SDK/iPhoneOS12.4.sdk -miphoneos-version-min=12.4  conftest.c >&5
configure:3471: $? = 0
configure:3480: result: yes
configure:3489: checking whether /home/growtopiajaw/Desktop/cctools-port-master/usage_examples/ios_toolchain/target/bin/arm-apple-darwin11-clang accepts -g
configure:3509: /home/growtopiajaw/Desktop/cctools-port-master/usage_examples/ios_toolchain/target/bin/arm-apple-darwin11-clang -c -g  conftest.c >&5
configure:3509: $? = 0
configure:3550: result: yes
configure:3567: checking for /home/growtopiajaw/Desktop/cctools-port-master/usage_examples/ios_toolchain/target/bin/arm-apple-darwin11-clang option to accept ISO C89
configure:3630: /home/growtopiajaw/Desktop/cctools-port-master/usage_examples/ios_toolchain/target/bin/arm-apple-darwin11-clang  -c -arch arm64 -isysroot /home/growtopiajaw/Desktop/cctools-port-master/usage_examples/ios_toolchain/target/SDK/iPhoneOS12.4.sdk -miphoneos-version-min=12.4  conftest.c >&5
configure:3630: $? = 0
configure:3643: result: none needed
configure:3668: checking whether /home/growtopiajaw/Desktop/cctools-port-master/usage_examples/ios_toolchain/target/bin/arm-apple-darwin11-clang understands -c and -o together
configure:3690: /home/growtopiajaw/Desktop/cctools-port-master/usage_examples/ios_toolchain/target/bin/arm-apple-darwin11-clang -c conftest.c -o conftest2.o
configure:3693: $? = 0
configure:3690: /home/growtopiajaw/Desktop/cctools-port-master/usage_examples/ios_toolchain/target/bin/arm-apple-darwin11-clang -c conftest.c -o conftest2.o
configure:3693: $? = 0
configure:3705: result: yes
configure:3725: checking whether make supports the include directive
configure:3740: make -f confmf.GNU && cat confinc.out
this is the am__doit target
configure:3743: $? = 0
configure:3762: result: yes (GNU style)
configure:3787: checking dependency style of /home/growtopiajaw/Desktop/cctools-port-master/usage_examples/ios_toolchain/target/bin/arm-apple-darwin11-clang
configure:3898: result: gcc3
configure:3915: checking for grep that handles long lines and -e
configure:3973: result: /bin/grep
configure:3990: checking whether make supports nested variables
configure:4007: result: yes
configure:4030: checking for arm-apple-darwin11-pkg-config
configure:4063: result: no
configure:4073: checking for pkg-config
configure:4091: found /usr/bin/pkg-config
configure:4103: result: /usr/bin/pkg-config
configure:4115: WARNING: using cross tools not prefixed with host triplet
configure:4128: checking pkg-config is at least version 0.9.0
configure:4131: result: yes
configure:4141: checking for PCRE
configure:4148: $PKG_CONFIG --exists --print-errors "libpcre"
configure:4151: $? = 0
configure:4165: $PKG_CONFIG --exists --print-errors "libpcre"
configure:4168: $? = 0
configure:4226: result: yes
configure:4341: checking build system type
configure:4355: result: x86_64-pc-linux-gnu
configure:4375: checking host system type
configure:4388: result: arm-apple-darwin11
configure:4414: checking how to run the C preprocessor
configure:4445: /home/growtopiajaw/Desktop/cctools-port-master/usage_examples/ios_toolchain/target/bin/arm-apple-darwin11-clang -E  conftest.c
configure:4445: $? = 0
configure:4459: /home/growtopiajaw/Desktop/cctools-port-master/usage_examples/ios_toolchain/target/bin/arm-apple-darwin11-clang -E  conftest.c
conftest.c:9:10: fatal error: 'ac_nonexistent.h' file not found
#include <ac_nonexistent.h>
         ^~~~~~~~~~~~~~~~~~
1 error generated.
configure:4459: $? = 1
configure: failed program was:
| /* confdefs.h */
| #define PACKAGE_NAME "the_silver_searcher"
| #define PACKAGE_TARNAME "the_silver_searcher"
| #define PACKAGE_VERSION "2.2.0"
| #define PACKAGE_STRING "the_silver_searcher 2.2.0"
| #define PACKAGE_BUGREPORT "https://github.com/ggreer/the_silver_searcher/issues"
| #define PACKAGE_URL "https://github.com/ggreer/the_silver_searcher"
| /* end confdefs.h.  */
| #include <ac_nonexistent.h>
configure:4484: result: /home/growtopiajaw/Desktop/cctools-port-master/usage_examples/ios_toolchain/target/bin/arm-apple-darwin11-clang -E
configure:4504: /home/growtopiajaw/Desktop/cctools-port-master/usage_examples/ios_toolchain/target/bin/arm-apple-darwin11-clang -E  conftest.c
configure:4504: $? = 0
configure:4518: /home/growtopiajaw/Desktop/cctools-port-master/usage_examples/ios_toolchain/target/bin/arm-apple-darwin11-clang -E  conftest.c
conftest.c:9:10: fatal error: 'ac_nonexistent.h' file not found
#include <ac_nonexistent.h>
         ^~~~~~~~~~~~~~~~~~
1 error generated.
configure:4518: $? = 1
configure: failed program was:
| /* confdefs.h */
| #define PACKAGE_NAME "the_silver_searcher"
| #define PACKAGE_TARNAME "the_silver_searcher"
| #define PACKAGE_VERSION "2.2.0"
| #define PACKAGE_STRING "the_silver_searcher 2.2.0"
| #define PACKAGE_BUGREPORT "https://github.com/ggreer/the_silver_searcher/issues"
| #define PACKAGE_URL "https://github.com/ggreer/the_silver_searcher"
| /* end confdefs.h.  */
| #include <ac_nonexistent.h>
configure:4547: checking for egrep
configure:4609: result: /bin/grep -E
configure:4614: checking for ANSI C header files
configure:4634: /home/growtopiajaw/Desktop/cctools-port-master/usage_examples/ios_toolchain/target/bin/arm-apple-darwin11-clang -c -arch arm64 -isysroot /home/growtopiajaw/Desktop/cctools-port-master/usage_examples/ios_toolchain/target/SDK/iPhoneOS12.4.sdk -miphoneos-version-min=12.4  conftest.c >&5
configure:4634: $? = 0
configure:4718: result: yes
configure:4731: checking for sys/types.h
configure:4731: /home/growtopiajaw/Desktop/cctools-port-master/usage_examples/ios_toolchain/target/bin/arm-apple-darwin11-clang -c -arch arm64 -isysroot /home/growtopiajaw/Desktop/cctools-port-master/usage_examples/ios_toolchain/target/SDK/iPhoneOS12.4.sdk -miphoneos-version-min=12.4  conftest.c >&5
configure:4731: $? = 0
configure:4731: result: yes
configure:4731: checking for sys/stat.h
configure:4731: /home/growtopiajaw/Desktop/cctools-port-master/usage_examples/ios_toolchain/target/bin/arm-apple-darwin11-clang -c -arch arm64 -isysroot /home/growtopiajaw/Desktop/cctools-port-master/usage_examples/ios_toolchain/target/SDK/iPhoneOS12.4.sdk -miphoneos-version-min=12.4  conftest.c >&5
configure:4731: $? = 0
configure:4731: result: yes
configure:4731: checking for stdlib.h
configure:4731: /home/growtopiajaw/Desktop/cctools-port-master/usage_examples/ios_toolchain/target/bin/arm-apple-darwin11-clang -c -arch arm64 -isysroot /home/growtopiajaw/Desktop/cctools-port-master/usage_examples/ios_toolchain/target/SDK/iPhoneOS12.4.sdk -miphoneos-version-min=12.4  conftest.c >&5
configure:4731: $? = 0
configure:4731: result: yes
configure:4731: checking for string.h
configure:4731: /home/growtopiajaw/Desktop/cctools-port-master/usage_examples/ios_toolchain/target/bin/arm-apple-darwin11-clang -c -arch arm64 -isysroot /home/growtopiajaw/Desktop/cctools-port-master/usage_examples/ios_toolchain/target/SDK/iPhoneOS12.4.sdk -miphoneos-version-min=12.4  conftest.c >&5
configure:4731: $? = 0
configure:4731: result: yes
configure:4731: checking for memory.h
configure:4731: /home/growtopiajaw/Desktop/cctools-port-master/usage_examples/ios_toolchain/target/bin/arm-apple-darwin11-clang -c -arch arm64 -isysroot /home/growtopiajaw/Desktop/cctools-port-master/usage_examples/ios_toolchain/target/SDK/iPhoneOS12.4.sdk -miphoneos-version-min=12.4  conftest.c >&5
configure:4731: $? = 0
configure:4731: result: yes
configure:4731: checking for strings.h
configure:4731: /home/growtopiajaw/Desktop/cctools-port-master/usage_examples/ios_toolchain/target/bin/arm-apple-darwin11-clang -c -arch arm64 -isysroot /home/growtopiajaw/Desktop/cctools-port-master/usage_examples/ios_toolchain/target/SDK/iPhoneOS12.4.sdk -miphoneos-version-min=12.4  conftest.c >&5
configure:4731: $? = 0
configure:4731: result: yes
configure:4731: checking for inttypes.h
configure:4731: /home/growtopiajaw/Desktop/cctools-port-master/usage_examples/ios_toolchain/target/bin/arm-apple-darwin11-clang -c -arch arm64 -isysroot /home/growtopiajaw/Desktop/cctools-port-master/usage_examples/ios_toolchain/target/SDK/iPhoneOS12.4.sdk -miphoneos-version-min=12.4  conftest.c >&5
configure:4731: $? = 0
configure:4731: result: yes
configure:4731: checking for stdint.h
configure:4731: /home/growtopiajaw/Desktop/cctools-port-master/usage_examples/ios_toolchain/target/bin/arm-apple-darwin11-clang -c -arch arm64 -isysroot /home/growtopiajaw/Desktop/cctools-port-master/usage_examples/ios_toolchain/target/SDK/iPhoneOS12.4.sdk -miphoneos-version-min=12.4  conftest.c >&5
configure:4731: $? = 0
configure:4731: result: yes
configure:4731: checking for unistd.h
configure:4731: /home/growtopiajaw/Desktop/cctools-port-master/usage_examples/ios_toolchain/target/bin/arm-apple-darwin11-clang -c -arch arm64 -isysroot /home/growtopiajaw/Desktop/cctools-port-master/usage_examples/ios_toolchain/target/SDK/iPhoneOS12.4.sdk -miphoneos-version-min=12.4  conftest.c >&5
configure:4731: $? = 0
configure:4731: result: yes
configure:4855: checking if compiler needs -Werror to reject unknown flags
configure:4871: /home/growtopiajaw/Desktop/cctools-port-master/usage_examples/ios_toolchain/target/bin/arm-apple-darwin11-clang -c -arch arm64 -isysroot /home/growtopiajaw/Desktop/cctools-port-master/usage_examples/ios_toolchain/target/SDK/iPhoneOS12.4.sdk -miphoneos-version-min=12.4 -Werror -Wunknown-warning-option -Wsizeof-array-argument  conftest.c >&5
configure:4871: $? = 0
configure:4872: result: yes
configure:4892: checking whether pthreads work with -pthread
configure:4980: /home/growtopiajaw/Desktop/cctools-port-master/usage_examples/ios_toolchain/target/bin/arm-apple-darwin11-clang -o conftest -arch arm64 -isysroot /home/growtopiajaw/Desktop/cctools-port-master/usage_examples/ios_toolchain/target/SDK/iPhoneOS12.4.sdk -miphoneos-version-min=12.4 -pthread -Werror  -arch arm64 -isysroot /home/growtopiajaw/Desktop/cctools-port-master/usage_examples/ios_toolchain/target/SDK/iPhoneOS12.4.sdk -miphoneos-version-min=12.4 conftest.c   >&5
configure:4980: $? = 0
configure:4989: result: yes
configure:5008: checking for joinable pthread attribute
configure:5023: /home/growtopiajaw/Desktop/cctools-port-master/usage_examples/ios_toolchain/target/bin/arm-apple-darwin11-clang -o conftest -arch arm64 -isysroot /home/growtopiajaw/Desktop/cctools-port-master/usage_examples/ios_toolchain/target/SDK/iPhoneOS12.4.sdk -miphoneos-version-min=12.4 -pthread  -arch arm64 -isysroot /home/growtopiajaw/Desktop/cctools-port-master/usage_examples/ios_toolchain/target/SDK/iPhoneOS12.4.sdk -miphoneos-version-min=12.4 conftest.c   >&5
configure:5023: $? = 0
configure:5029: result: PTHREAD_CREATE_JOINABLE
configure:5039: checking if more special flags are required for pthreads
configure:5054: result: -D_THREAD_SAFE
configure:5060: checking for PTHREAD_PRIO_INHERIT
configure:5077: /home/growtopiajaw/Desktop/cctools-port-master/usage_examples/ios_toolchain/target/bin/arm-apple-darwin11-clang -o conftest -arch arm64 -isysroot /home/growtopiajaw/Desktop/cctools-port-master/usage_examples/ios_toolchain/target/SDK/iPhoneOS12.4.sdk -miphoneos-version-min=12.4 -pthread  -arch arm64 -isysroot /home/growtopiajaw/Desktop/cctools-port-master/usage_examples/ios_toolchain/target/SDK/iPhoneOS12.4.sdk -miphoneos-version-min=12.4 conftest.c   >&5
configure:5077: $? = 0
configure:5086: result: yes
configure:5172: checking pthread.h usability
configure:5172: /home/growtopiajaw/Desktop/cctools-port-master/usage_examples/ios_toolchain/target/bin/arm-apple-darwin11-clang -c -arch arm64 -isysroot /home/growtopiajaw/Desktop/cctools-port-master/usage_examples/ios_toolchain/target/SDK/iPhoneOS12.4.sdk -miphoneos-version-min=12.4  conftest.c >&5
configure:5172: $? = 0
configure:5172: result: yes
configure:5172: checking pthread.h presence
configure:5172: /home/growtopiajaw/Desktop/cctools-port-master/usage_examples/ios_toolchain/target/bin/arm-apple-darwin11-clang -E  conftest.c
configure:5172: $? = 0
configure:5172: result: yes
configure:5172: checking for pthread.h
configure:5172: result: yes
configure:5263: checking zlib.h usability
configure:5263: /home/growtopiajaw/Desktop/cctools-port-master/usage_examples/ios_toolchain/target/bin/arm-apple-darwin11-clang -c -arch arm64 -isysroot /home/growtopiajaw/Desktop/cctools-port-master/usage_examples/ios_toolchain/target/SDK/iPhoneOS12.4.sdk -miphoneos-version-min=12.4 -O2 -D_THREAD_SAFE -pthread  -Wall -Wextra -Wformat=2 -Wno-format-nonliteral -Wshadow -Wpointer-arith -Wcast-qual -Wmissing-prototypes -Wno-missing-braces -std=gnu89 -D_GNU_SOURCE  conftest.c >&5
configure:5263: $? = 0
configure:5263: result: yes
configure:5263: checking zlib.h presence
configure:5263: /home/growtopiajaw/Desktop/cctools-port-master/usage_examples/ios_toolchain/target/bin/arm-apple-darwin11-clang -E  conftest.c
configure:5263: $? = 0
configure:5263: result: yes
configure:5263: checking for zlib.h
configure:5263: result: yes
configure:5273: checking for library containing inflate
configure:5304: /home/growtopiajaw/Desktop/cctools-port-master/usage_examples/ios_toolchain/target/bin/arm-apple-darwin11-clang -o conftest -arch arm64 -isysroot /home/growtopiajaw/Desktop/cctools-port-master/usage_examples/ios_toolchain/target/SDK/iPhoneOS12.4.sdk -miphoneos-version-min=12.4 -O2 -D_THREAD_SAFE -pthread  -Wall -Wextra -Wformat=2 -Wno-format-nonliteral -Wshadow -Wpointer-arith -Wcast-qual -Wmissing-prototypes -Wno-missing-braces -std=gnu89 -D_GNU_SOURCE  -arch arm64 -isysroot /home/growtopiajaw/Desktop/cctools-port-master/usage_examples/ios_toolchain/target/SDK/iPhoneOS12.4.sdk -miphoneos-version-min=12.4 conftest.c   >&5
Undefined symbols for architecture arm64:
  "_inflate", referenced from:
      _main in conftest-734261.o
ld: symbol(s) not found for architecture arm64
clang: error: linker command failed with exit code 1 (use -v to see invocation)
configure:5304: $? = 1
configure: failed program was:
| /* confdefs.h */
| #define PACKAGE_NAME "the_silver_searcher"
| #define PACKAGE_TARNAME "the_silver_searcher"
| #define PACKAGE_VERSION "2.2.0"
| #define PACKAGE_STRING "the_silver_searcher 2.2.0"
| #define PACKAGE_BUGREPORT "https://github.com/ggreer/the_silver_searcher/issues"
| #define PACKAGE_URL "https://github.com/ggreer/the_silver_searcher"
| #define STDC_HEADERS 1
| #define HAVE_SYS_TYPES_H 1
| #define HAVE_SYS_STAT_H 1
| #define HAVE_STDLIB_H 1
| #define HAVE_STRING_H 1
| #define HAVE_MEMORY_H 1
| #define HAVE_STRINGS_H 1
| #define HAVE_INTTYPES_H 1
| #define HAVE_STDINT_H 1
| #define HAVE_UNISTD_H 1
| #define HAVE_PTHREAD_PRIO_INHERIT 1
| #define HAVE_PTHREAD_H 1
| #define HAVE_ZLIB_H 1
| /* end confdefs.h.  */
| 
| /* Override any GCC internal prototype to avoid an error.
|    Use char because int might match the return type of a GCC
|    builtin and then its argument prototype would still apply.  */
| #ifdef __cplusplus
| extern "C"
| #endif
| char inflate ();
| int
| main ()
| {
| return inflate ();
|   ;
|   return 0;
| }
configure:5304: /home/growtopiajaw/Desktop/cctools-port-master/usage_examples/ios_toolchain/target/bin/arm-apple-darwin11-clang -o conftest -arch arm64 -isysroot /home/growtopiajaw/Desktop/cctools-port-master/usage_examples/ios_toolchain/target/SDK/iPhoneOS12.4.sdk -miphoneos-version-min=12.4 -O2 -D_THREAD_SAFE -pthread  -Wall -Wextra -Wformat=2 -Wno-format-nonliteral -Wshadow -Wpointer-arith -Wcast-qual -Wmissing-prototypes -Wno-missing-braces -std=gnu89 -D_GNU_SOURCE  -arch arm64 -isysroot /home/growtopiajaw/Desktop/cctools-port-master/usage_examples/ios_toolchain/target/SDK/iPhoneOS12.4.sdk -miphoneos-version-min=12.4 conftest.c -lzlib,    >&5
ld: library not found for -lzlib,
clang: error: linker command failed with exit code 1 (use -v to see invocation)
configure:5304: $? = 1
configure: failed program was:
| /* confdefs.h */
| #define PACKAGE_NAME "the_silver_searcher"
| #define PACKAGE_TARNAME "the_silver_searcher"
| #define PACKAGE_VERSION "2.2.0"
| #define PACKAGE_STRING "the_silver_searcher 2.2.0"
| #define PACKAGE_BUGREPORT "https://github.com/ggreer/the_silver_searcher/issues"
| #define PACKAGE_URL "https://github.com/ggreer/the_silver_searcher"
| #define STDC_HEADERS 1
| #define HAVE_SYS_TYPES_H 1
| #define HAVE_SYS_STAT_H 1
| #define HAVE_STDLIB_H 1
| #define HAVE_STRING_H 1
| #define HAVE_MEMORY_H 1
| #define HAVE_STRINGS_H 1
| #define HAVE_INTTYPES_H 1
| #define HAVE_STDINT_H 1
| #define HAVE_UNISTD_H 1
| #define HAVE_PTHREAD_PRIO_INHERIT 1
| #define HAVE_PTHREAD_H 1
| #define HAVE_ZLIB_H 1
| /* end confdefs.h.  */
| 
| /* Override any GCC internal prototype to avoid an error.
|    Use char because int might match the return type of a GCC
|    builtin and then its argument prototype would still apply.  */
| #ifdef __cplusplus
| extern "C"
| #endif
| char inflate ();
| int
| main ()
| {
| return inflate ();
|   ;
|   return 0;
| }
configure:5304: /home/growtopiajaw/Desktop/cctools-port-master/usage_examples/ios_toolchain/target/bin/arm-apple-darwin11-clang -o conftest -arch arm64 -isysroot /home/growtopiajaw/Desktop/cctools-port-master/usage_examples/ios_toolchain/target/SDK/iPhoneOS12.4.sdk -miphoneos-version-min=12.4 -O2 -D_THREAD_SAFE -pthread  -Wall -Wextra -Wformat=2 -Wno-format-nonliteral -Wshadow -Wpointer-arith -Wcast-qual -Wmissing-prototypes -Wno-missing-braces -std=gnu89 -D_GNU_SOURCE  -arch arm64 -isysroot /home/growtopiajaw/Desktop/cctools-port-master/usage_examples/ios_toolchain/target/SDK/iPhoneOS12.4.sdk -miphoneos-version-min=12.4 conftest.c -lz    >&5
configure:5304: $? = 0
configure:5321: result: -lz
configure:5342: checking lzma.h usability
configure:5342: /home/growtopiajaw/Desktop/cctools-port-master/usage_examples/ios_toolchain/target/bin/arm-apple-darwin11-clang -c -arch arm64 -isysroot /home/growtopiajaw/Desktop/cctools-port-master/usage_examples/ios_toolchain/target/SDK/iPhoneOS12.4.sdk -miphoneos-version-min=12.4 -O2 -D_THREAD_SAFE -pthread  -Wall -Wextra -Wformat=2 -Wno-format-nonliteral -Wshadow -Wpointer-arith -Wcast-qual -Wmissing-prototypes -Wno-missing-braces -std=gnu89 -D_GNU_SOURCE  conftest.c >&5
conftest.c:55:10: fatal error: 'lzma.h' file not found
#include <lzma.h>
         ^~~~~~~~
1 error generated.
configure:5342: $? = 1
configure: failed program was:
| /* confdefs.h */
| #define PACKAGE_NAME "the_silver_searcher"
| #define PACKAGE_TARNAME "the_silver_searcher"
| #define PACKAGE_VERSION "2.2.0"
| #define PACKAGE_STRING "the_silver_searcher 2.2.0"
| #define PACKAGE_BUGREPORT "https://github.com/ggreer/the_silver_searcher/issues"
| #define PACKAGE_URL "https://github.com/ggreer/the_silver_searcher"
| #define STDC_HEADERS 1
| #define HAVE_SYS_TYPES_H 1
| #define HAVE_SYS_STAT_H 1
| #define HAVE_STDLIB_H 1
| #define HAVE_STRING_H 1
| #define HAVE_MEMORY_H 1
| #define HAVE_STRINGS_H 1
| #define HAVE_INTTYPES_H 1
| #define HAVE_STDINT_H 1
| #define HAVE_UNISTD_H 1
| #define HAVE_PTHREAD_PRIO_INHERIT 1
| #define HAVE_PTHREAD_H 1
| #define HAVE_ZLIB_H 1
| /* end confdefs.h.  */
| #include <stdio.h>
| #ifdef HAVE_SYS_TYPES_H
| # include <sys/types.h>
| #endif
| #ifdef HAVE_SYS_STAT_H
| # include <sys/stat.h>
| #endif
| #ifdef STDC_HEADERS
| # include <stdlib.h>
| # include <stddef.h>
| #else
| # ifdef HAVE_STDLIB_H
| #  include <stdlib.h>
| # endif
| #endif
| #ifdef HAVE_STRING_H
| # if !defined STDC_HEADERS && defined HAVE_MEMORY_H
| #  include <memory.h>
| # endif
| # include <string.h>
| #endif
| #ifdef HAVE_STRINGS_H
| # include <strings.h>
| #endif
| #ifdef HAVE_INTTYPES_H
| # include <inttypes.h>
| #endif
| #ifdef HAVE_STDINT_H
| # include <stdint.h>
| #endif
| #ifdef HAVE_UNISTD_H
| # include <unistd.h>
| #endif
| #include <lzma.h>
configure:5342: result: no
configure:5342: checking lzma.h presence
configure:5342: /home/growtopiajaw/Desktop/cctools-port-master/usage_examples/ios_toolchain/target/bin/arm-apple-darwin11-clang -E  conftest.c
conftest.c:22:10: fatal error: 'lzma.h' file not found
#include <lzma.h>
         ^~~~~~~~
1 error generated.
configure:5342: $? = 1
configure: failed program was:
| /* confdefs.h */
| #define PACKAGE_NAME "the_silver_searcher"
| #define PACKAGE_TARNAME "the_silver_searcher"
| #define PACKAGE_VERSION "2.2.0"
| #define PACKAGE_STRING "the_silver_searcher 2.2.0"
| #define PACKAGE_BUGREPORT "https://github.com/ggreer/the_silver_searcher/issues"
| #define PACKAGE_URL "https://github.com/ggreer/the_silver_searcher"
| #define STDC_HEADERS 1
| #define HAVE_SYS_TYPES_H 1
| #define HAVE_SYS_STAT_H 1
| #define HAVE_STDLIB_H 1
| #define HAVE_STRING_H 1
| #define HAVE_MEMORY_H 1
| #define HAVE_STRINGS_H 1
| #define HAVE_INTTYPES_H 1
| #define HAVE_STDINT_H 1
| #define HAVE_UNISTD_H 1
| #define HAVE_PTHREAD_PRIO_INHERIT 1
| #define HAVE_PTHREAD_H 1
| #define HAVE_ZLIB_H 1
| /* end confdefs.h.  */
| #include <lzma.h>
configure:5342: result: no
configure:5342: checking for lzma.h
configure:5342: result: no
configure:5354: checking for LZMA
configure:5361: $PKG_CONFIG --exists --print-errors "liblzma"
configure:5364: $? = 0
configure:5378: $PKG_CONFIG --exists --print-errors "liblzma"
configure:5381: $? = 0
configure:5439: result: yes
configure:5446: checking whether PCRE_CONFIG_JIT is declared
configure:5446: /home/growtopiajaw/Desktop/cctools-port-master/usage_examples/ios_toolchain/target/bin/arm-apple-darwin11-clang -c -arch arm64 -isysroot /home/growtopiajaw/Desktop/cctools-port-master/usage_examples/ios_toolchain/target/SDK/iPhoneOS12.4.sdk -miphoneos-version-min=12.4 -O2 -D_THREAD_SAFE -pthread  -Wall -Wextra -Wformat=2 -Wno-format-nonliteral -Wshadow -Wpointer-arith -Wcast-qual -Wmissing-prototypes -Wno-missing-braces -std=gnu89 -D_GNU_SOURCE  conftest.c >&5
configure:5446: $? = 0
configure:5446: result: yes
configure:5455: checking whether CPU_ZERO, CPU_SET is declared
configure:5455: /home/growtopiajaw/Desktop/cctools-port-master/usage_examples/ios_toolchain/target/bin/arm-apple-darwin11-clang -c -arch arm64 -isysroot /home/growtopiajaw/Desktop/cctools-port-master/usage_examples/ios_toolchain/target/SDK/iPhoneOS12.4.sdk -miphoneos-version-min=12.4 -O2 -D_THREAD_SAFE -pthread  -Wall -Wextra -Wformat=2 -Wno-format-nonliteral -Wshadow -Wpointer-arith -Wcast-qual -Wmissing-prototypes -Wno-missing-braces -std=gnu89 -D_GNU_SOURCE  conftest.c >&5
conftest.c:28:17: warning: extra tokens at end of #ifndef directive [-Wextra-tokens]
#ifndef CPU_ZERO, CPU_SET
                ^
                //
conftest.c:32:10: error: use of undeclared identifier 'CPU_ZERO'
  (void) CPU_ZERO, CPU_SET;
         ^
conftest.c:32:20: error: use of undeclared identifier 'CPU_SET'
  (void) CPU_ZERO, CPU_SET;
                   ^
1 warning and 2 errors generated.
configure:5455: $? = 1
configure: failed program was:
| /* confdefs.h */
| #define PACKAGE_NAME "the_silver_searcher"
| #define PACKAGE_TARNAME "the_silver_searcher"
| #define PACKAGE_VERSION "2.2.0"
| #define PACKAGE_STRING "the_silver_searcher 2.2.0"
| #define PACKAGE_BUGREPORT "https://github.com/ggreer/the_silver_searcher/issues"
| #define PACKAGE_URL "https://github.com/ggreer/the_silver_searcher"
| #define STDC_HEADERS 1
| #define HAVE_SYS_TYPES_H 1
| #define HAVE_SYS_STAT_H 1
| #define HAVE_STDLIB_H 1
| #define HAVE_STRING_H 1
| #define HAVE_MEMORY_H 1
| #define HAVE_STRINGS_H 1
| #define HAVE_INTTYPES_H 1
| #define HAVE_STDINT_H 1
| #define HAVE_UNISTD_H 1
| #define HAVE_PTHREAD_PRIO_INHERIT 1
| #define HAVE_PTHREAD_H 1
| #define HAVE_ZLIB_H 1
| #define USE_PCRE_JIT /**/
| /* end confdefs.h.  */
| #include <sched.h>
| 
| int
| main ()
| {
| #ifndef CPU_ZERO, CPU_SET
| #ifdef __cplusplus
|   (void) CPU_ZERO) 0, ( CPU_SET;
| #else
|   (void) CPU_ZERO, CPU_SET;
| #endif
| #endif
| 
|   ;
|   return 0;
| }
configure:5455: result: no
configure:5466: checking sys/cpuset.h usability
configure:5466: /home/growtopiajaw/Desktop/cctools-port-master/usage_examples/ios_toolchain/target/bin/arm-apple-darwin11-clang -c -arch arm64 -isysroot /home/growtopiajaw/Desktop/cctools-port-master/usage_examples/ios_toolchain/target/SDK/iPhoneOS12.4.sdk -miphoneos-version-min=12.4 -O2 -D_THREAD_SAFE -pthread  -Wall -Wextra -Wformat=2 -Wno-format-nonliteral -Wshadow -Wpointer-arith -Wcast-qual -Wmissing-prototypes -Wno-missing-braces -std=gnu89 -D_GNU_SOURCE  conftest.c >&5
conftest.c:56:10: fatal error: 'sys/cpuset.h' file not found
#include <sys/cpuset.h>
         ^~~~~~~~~~~~~~
1 error generated.
configure:5466: $? = 1
configure: failed program was:
| /* confdefs.h */
| #define PACKAGE_NAME "the_silver_searcher"
| #define PACKAGE_TARNAME "the_silver_searcher"
| #define PACKAGE_VERSION "2.2.0"
| #define PACKAGE_STRING "the_silver_searcher 2.2.0"
| #define PACKAGE_BUGREPORT "https://github.com/ggreer/the_silver_searcher/issues"
| #define PACKAGE_URL "https://github.com/ggreer/the_silver_searcher"
| #define STDC_HEADERS 1
| #define HAVE_SYS_TYPES_H 1
| #define HAVE_SYS_STAT_H 1
| #define HAVE_STDLIB_H 1
| #define HAVE_STRING_H 1
| #define HAVE_MEMORY_H 1
| #define HAVE_STRINGS_H 1
| #define HAVE_INTTYPES_H 1
| #define HAVE_STDINT_H 1
| #define HAVE_UNISTD_H 1
| #define HAVE_PTHREAD_PRIO_INHERIT 1
| #define HAVE_PTHREAD_H 1
| #define HAVE_ZLIB_H 1
| #define USE_PCRE_JIT /**/
| /* end confdefs.h.  */
| #include <stdio.h>
| #ifdef HAVE_SYS_TYPES_H
| # include <sys/types.h>
| #endif
| #ifdef HAVE_SYS_STAT_H
| # include <sys/stat.h>
| #endif
| #ifdef STDC_HEADERS
| # include <stdlib.h>
| # include <stddef.h>
| #else
| # ifdef HAVE_STDLIB_H
| #  include <stdlib.h>
| # endif
| #endif
| #ifdef HAVE_STRING_H
| # if !defined STDC_HEADERS && defined HAVE_MEMORY_H
| #  include <memory.h>
| # endif
| # include <string.h>
| #endif
| #ifdef HAVE_STRINGS_H
| # include <strings.h>
| #endif
| #ifdef HAVE_INTTYPES_H
| # include <inttypes.h>
| #endif
| #ifdef HAVE_STDINT_H
| # include <stdint.h>
| #endif
| #ifdef HAVE_UNISTD_H
| # include <unistd.h>
| #endif
| #include <sys/cpuset.h>
configure:5466: result: no
configure:5466: checking sys/cpuset.h presence
configure:5466: /home/growtopiajaw/Desktop/cctools-port-master/usage_examples/ios_toolchain/target/bin/arm-apple-darwin11-clang -E  conftest.c
conftest.c:23:10: fatal error: 'sys/cpuset.h' file not found
#include <sys/cpuset.h>
         ^~~~~~~~~~~~~~
1 error generated.
configure:5466: $? = 1
configure: failed program was:
| /* confdefs.h */
| #define PACKAGE_NAME "the_silver_searcher"
| #define PACKAGE_TARNAME "the_silver_searcher"
| #define PACKAGE_VERSION "2.2.0"
| #define PACKAGE_STRING "the_silver_searcher 2.2.0"
| #define PACKAGE_BUGREPORT "https://github.com/ggreer/the_silver_searcher/issues"
| #define PACKAGE_URL "https://github.com/ggreer/the_silver_searcher"
| #define STDC_HEADERS 1
| #define HAVE_SYS_TYPES_H 1
| #define HAVE_SYS_STAT_H 1
| #define HAVE_STDLIB_H 1
| #define HAVE_STRING_H 1
| #define HAVE_MEMORY_H 1
| #define HAVE_STRINGS_H 1
| #define HAVE_INTTYPES_H 1
| #define HAVE_STDINT_H 1
| #define HAVE_UNISTD_H 1
| #define HAVE_PTHREAD_PRIO_INHERIT 1
| #define HAVE_PTHREAD_H 1
| #define HAVE_ZLIB_H 1
| #define USE_PCRE_JIT /**/
| /* end confdefs.h.  */
| #include <sys/cpuset.h>
configure:5466: result: no
configure:5466: checking for sys/cpuset.h
configure:5466: result: no
configure:5466: checking err.h usability
configure:5466: /home/growtopiajaw/Desktop/cctools-port-master/usage_examples/ios_toolchain/target/bin/arm-apple-darwin11-clang -c -arch arm64 -isysroot /home/growtopiajaw/Desktop/cctools-port-master/usage_examples/ios_toolchain/target/SDK/iPhoneOS12.4.sdk -miphoneos-version-min=12.4 -O2 -D_THREAD_SAFE -pthread  -Wall -Wextra -Wformat=2 -Wno-format-nonliteral -Wshadow -Wpointer-arith -Wcast-qual -Wmissing-prototypes -Wno-missing-braces -std=gnu89 -D_GNU_SOURCE  conftest.c >&5
configure:5466: $? = 0
configure:5466: result: yes
configure:5466: checking err.h presence
configure:5466: /home/growtopiajaw/Desktop/cctools-port-master/usage_examples/ios_toolchain/target/bin/arm-apple-darwin11-clang -E  conftest.c
configure:5466: $? = 0
configure:5466: result: yes
configure:5466: checking for err.h
configure:5466: result: yes
configure:5477: checking for struct dirent.d_type
configure:5477: /home/growtopiajaw/Desktop/cctools-port-master/usage_examples/ios_toolchain/target/bin/arm-apple-darwin11-clang -c -arch arm64 -isysroot /home/growtopiajaw/Desktop/cctools-port-master/usage_examples/ios_toolchain/target/SDK/iPhoneOS12.4.sdk -miphoneos-version-min=12.4 -O2 -D_THREAD_SAFE -pthread  -Wall -Wextra -Wformat=2 -Wno-format-nonliteral -Wshadow -Wpointer-arith -Wcast-qual -Wmissing-prototypes -Wno-missing-braces -std=gnu89 -D_GNU_SOURCE  conftest.c >&5
configure:5477: $? = 0
configure:5477: result: yes
configure:5485: checking for struct dirent.d_namlen
configure:5485: /home/growtopiajaw/Desktop/cctools-port-master/usage_examples/ios_toolchain/target/bin/arm-apple-darwin11-clang -c -arch arm64 -isysroot /home/growtopiajaw/Desktop/cctools-port-master/usage_examples/ios_toolchain/target/SDK/iPhoneOS12.4.sdk -miphoneos-version-min=12.4 -O2 -D_THREAD_SAFE -pthread  -Wall -Wextra -Wformat=2 -Wno-format-nonliteral -Wshadow -Wpointer-arith -Wcast-qual -Wmissing-prototypes -Wno-missing-braces -std=gnu89 -D_GNU_SOURCE  conftest.c >&5
configure:5485: $? = 0
configure:5485: result: yes
configure:5497: checking for fgetln
configure:5497: /home/growtopiajaw/Desktop/cctools-port-master/usage_examples/ios_toolchain/target/bin/arm-apple-darwin11-clang -o conftest -arch arm64 -isysroot /home/growtopiajaw/Desktop/cctools-port-master/usage_examples/ios_toolchain/target/SDK/iPhoneOS12.4.sdk -miphoneos-version-min=12.4 -O2 -D_THREAD_SAFE -pthread  -Wall -Wextra -Wformat=2 -Wno-format-nonliteral -Wshadow -Wpointer-arith -Wcast-qual -Wmissing-prototypes -Wno-missing-braces -std=gnu89 -D_GNU_SOURCE  -arch arm64 -isysroot /home/growtopiajaw/Desktop/cctools-port-master/usage_examples/ios_toolchain/target/SDK/iPhoneOS12.4.sdk -miphoneos-version-min=12.4 conftest.c -lz   >&5
configure:5497: $? = 0
configure:5497: result: yes
configure:5497: checking for fopencookie
configure:5497: /home/growtopiajaw/Desktop/cctools-port-master/usage_examples/ios_toolchain/target/bin/arm-apple-darwin11-clang -o conftest -arch arm64 -isysroot /home/growtopiajaw/Desktop/cctools-port-master/usage_examples/ios_toolchain/target/SDK/iPhoneOS12.4.sdk -miphoneos-version-min=12.4 -O2 -D_THREAD_SAFE -pthread  -Wall -Wextra -Wformat=2 -Wno-format-nonliteral -Wshadow -Wpointer-arith -Wcast-qual -Wmissing-prototypes -Wno-missing-braces -std=gnu89 -D_GNU_SOURCE  -arch arm64 -isysroot /home/growtopiajaw/Desktop/cctools-port-master/usage_examples/ios_toolchain/target/SDK/iPhoneOS12.4.sdk -miphoneos-version-min=12.4 conftest.c -lz   >&5
Undefined symbols for architecture arm64:
  "_fopencookie", referenced from:
      _main in conftest-bc8970.o
ld: symbol(s) not found for architecture arm64
clang: error: linker command failed with exit code 1 (use -v to see invocation)
configure:5497: $? = 1
configure: failed program was:
| /* confdefs.h */
| #define PACKAGE_NAME "the_silver_searcher"
| #define PACKAGE_TARNAME "the_silver_searcher"
| #define PACKAGE_VERSION "2.2.0"
| #define PACKAGE_STRING "the_silver_searcher 2.2.0"
| #define PACKAGE_BUGREPORT "https://github.com/ggreer/the_silver_searcher/issues"
| #define PACKAGE_URL "https://github.com/ggreer/the_silver_searcher"
| #define STDC_HEADERS 1
| #define HAVE_SYS_TYPES_H 1
| #define HAVE_SYS_STAT_H 1
| #define HAVE_STDLIB_H 1
| #define HAVE_STRING_H 1
| #define HAVE_MEMORY_H 1
| #define HAVE_STRINGS_H 1
| #define HAVE_INTTYPES_H 1
| #define HAVE_STDINT_H 1
| #define HAVE_UNISTD_H 1
| #define HAVE_PTHREAD_PRIO_INHERIT 1
| #define HAVE_PTHREAD_H 1
| #define HAVE_ZLIB_H 1
| #define USE_PCRE_JIT /**/
| #define HAVE_ERR_H 1
| #define HAVE_DIRENT_DTYPE /**/
| #define HAVE_DIRENT_DNAMLEN /**/
| #define HAVE_FGETLN 1
| /* end confdefs.h.  */
| /* Define fopencookie to an innocuous variant, in case <limits.h> declares fopencookie.
|    For example, HP-UX 11i <limits.h> declares gettimeofday.  */
| #define fopencookie innocuous_fopencookie
| 
| /* System header to define __stub macros and hopefully few prototypes,
|     which can conflict with char fopencookie (); below.
|     Prefer <limits.h> to <assert.h> if __STDC__ is defined, since
|     <limits.h> exists even on freestanding compilers.  */
| 
| #ifdef __STDC__
| # include <limits.h>
| #else
| # include <assert.h>
| #endif
| 
| #undef fopencookie
| 
| /* Override any GCC internal prototype to avoid an error.
|    Use char because int might match the return type of a GCC
|    builtin and then its argument prototype would still apply.  */
| #ifdef __cplusplus
| extern "C"
| #endif
| char fopencookie ();
| /* The GNU C library defines this for functions which it implements
|     to always fail with ENOSYS.  Some functions are actually named
|     something starting with __ and the normal name is an alias.  */
| #if defined __stub_fopencookie || defined __stub___fopencookie
| choke me
| #endif
| 
| int
| main ()
| {
| return fopencookie ();
|   ;
|   return 0;
| }
configure:5497: result: no
configure:5497: checking for getline
configure:5497: /home/growtopiajaw/Desktop/cctools-port-master/usage_examples/ios_toolchain/target/bin/arm-apple-darwin11-clang -o conftest -arch arm64 -isysroot /home/growtopiajaw/Desktop/cctools-port-master/usage_examples/ios_toolchain/target/SDK/iPhoneOS12.4.sdk -miphoneos-version-min=12.4 -O2 -D_THREAD_SAFE -pthread  -Wall -Wextra -Wformat=2 -Wno-format-nonliteral -Wshadow -Wpointer-arith -Wcast-qual -Wmissing-prototypes -Wno-missing-braces -std=gnu89 -D_GNU_SOURCE  -arch arm64 -isysroot /home/growtopiajaw/Desktop/cctools-port-master/usage_examples/ios_toolchain/target/SDK/iPhoneOS12.4.sdk -miphoneos-version-min=12.4 conftest.c -lz   >&5
configure:5497: $? = 0
configure:5497: result: yes
configure:5497: checking for realpath
configure:5497: /home/growtopiajaw/Desktop/cctools-port-master/usage_examples/ios_toolchain/target/bin/arm-apple-darwin11-clang -o conftest -arch arm64 -isysroot /home/growtopiajaw/Desktop/cctools-port-master/usage_examples/ios_toolchain/target/SDK/iPhoneOS12.4.sdk -miphoneos-version-min=12.4 -O2 -D_THREAD_SAFE -pthread  -Wall -Wextra -Wformat=2 -Wno-format-nonliteral -Wshadow -Wpointer-arith -Wcast-qual -Wmissing-prototypes -Wno-missing-braces -std=gnu89 -D_GNU_SOURCE  -arch arm64 -isysroot /home/growtopiajaw/Desktop/cctools-port-master/usage_examples/ios_toolchain/target/SDK/iPhoneOS12.4.sdk -miphoneos-version-min=12.4 conftest.c -lz   >&5
configure:5497: $? = 0
configure:5497: result: yes
configure:5497: checking for strlcpy
configure:5497: /home/growtopiajaw/Desktop/cctools-port-master/usage_examples/ios_toolchain/target/bin/arm-apple-darwin11-clang -o conftest -arch arm64 -isysroot /home/growtopiajaw/Desktop/cctools-port-master/usage_examples/ios_toolchain/target/SDK/iPhoneOS12.4.sdk -miphoneos-version-min=12.4 -O2 -D_THREAD_SAFE -pthread  -Wall -Wextra -Wformat=2 -Wno-format-nonliteral -Wshadow -Wpointer-arith -Wcast-qual -Wmissing-prototypes -Wno-missing-braces -std=gnu89 -D_GNU_SOURCE  -arch arm64 -isysroot /home/growtopiajaw/Desktop/cctools-port-master/usage_examples/ios_toolchain/target/SDK/iPhoneOS12.4.sdk -miphoneos-version-min=12.4 conftest.c -lz   >&5
configure:5497: $? = 0
configure:5497: result: yes
configure:5497: checking for strndup
configure:5497: /home/growtopiajaw/Desktop/cctools-port-master/usage_examples/ios_toolchain/target/bin/arm-apple-darwin11-clang -o conftest -arch arm64 -isysroot /home/growtopiajaw/Desktop/cctools-port-master/usage_examples/ios_toolchain/target/SDK/iPhoneOS12.4.sdk -miphoneos-version-min=12.4 -O2 -D_THREAD_SAFE -pthread  -Wall -Wextra -Wformat=2 -Wno-format-nonliteral -Wshadow -Wpointer-arith -Wcast-qual -Wmissing-prototypes -Wno-missing-braces -std=gnu89 -D_GNU_SOURCE  -arch arm64 -isysroot /home/growtopiajaw/Desktop/cctools-port-master/usage_examples/ios_toolchain/target/SDK/iPhoneOS12.4.sdk -miphoneos-version-min=12.4 conftest.c -lz   >&5
conftest.c:53:6: warning: incompatible redeclaration of library function 'strndup' [-Wincompatible-library-redeclaration]
char strndup ();
     ^
conftest.c:53:6: note: 'strndup' is a builtin with type 'char *(const char *, unsigned long)'
1 warning generated.
configure:5497: $? = 0
configure:5497: result: yes
configure:5497: checking for vasprintf
configure:5497: /home/growtopiajaw/Desktop/cctools-port-master/usage_examples/ios_toolchain/target/bin/arm-apple-darwin11-clang -o conftest -arch arm64 -isysroot /home/growtopiajaw/Desktop/cctools-port-master/usage_examples/ios_toolchain/target/SDK/iPhoneOS12.4.sdk -miphoneos-version-min=12.4 -O2 -D_THREAD_SAFE -pthread  -Wall -Wextra -Wformat=2 -Wno-format-nonliteral -Wshadow -Wpointer-arith -Wcast-qual -Wmissing-prototypes -Wno-missing-braces -std=gnu89 -D_GNU_SOURCE  -arch arm64 -isysroot /home/growtopiajaw/Desktop/cctools-port-master/usage_examples/ios_toolchain/target/SDK/iPhoneOS12.4.sdk -miphoneos-version-min=12.4 conftest.c -lz   >&5
conftest.c:65:19: warning: format string missing [-Wformat]
return vasprintf ();
       ~~~~~~~~~  ^
1 warning generated.
configure:5497: $? = 0
configure:5497: result: yes
configure:5497: checking for madvise
configure:5497: /home/growtopiajaw/Desktop/cctools-port-master/usage_examples/ios_toolchain/target/bin/arm-apple-darwin11-clang -o conftest -arch arm64 -isysroot /home/growtopiajaw/Desktop/cctools-port-master/usage_examples/ios_toolchain/target/SDK/iPhoneOS12.4.sdk -miphoneos-version-min=12.4 -O2 -D_THREAD_SAFE -pthread  -Wall -Wextra -Wformat=2 -Wno-format-nonliteral -Wshadow -Wpointer-arith -Wcast-qual -Wmissing-prototypes -Wno-missing-braces -std=gnu89 -D_GNU_SOURCE  -arch arm64 -isysroot /home/growtopiajaw/Desktop/cctools-port-master/usage_examples/ios_toolchain/target/SDK/iPhoneOS12.4.sdk -miphoneos-version-min=12.4 conftest.c -lz   >&5
configure:5497: $? = 0
configure:5497: result: yes
configure:5497: checking for posix_fadvise
configure:5497: /home/growtopiajaw/Desktop/cctools-port-master/usage_examples/ios_toolchain/target/bin/arm-apple-darwin11-clang -o conftest -arch arm64 -isysroot /home/growtopiajaw/Desktop/cctools-port-master/usage_examples/ios_toolchain/target/SDK/iPhoneOS12.4.sdk -miphoneos-version-min=12.4 -O2 -D_THREAD_SAFE -pthread  -Wall -Wextra -Wformat=2 -Wno-format-nonliteral -Wshadow -Wpointer-arith -Wcast-qual -Wmissing-prototypes -Wno-missing-braces -std=gnu89 -D_GNU_SOURCE  -arch arm64 -isysroot /home/growtopiajaw/Desktop/cctools-port-master/usage_examples/ios_toolchain/target/SDK/iPhoneOS12.4.sdk -miphoneos-version-min=12.4 conftest.c -lz   >&5
Undefined symbols for architecture arm64:
  "_posix_fadvise", referenced from:
      _main in conftest-6bdd06.o
ld: symbol(s) not found for architecture arm64
clang: error: linker command failed with exit code 1 (use -v to see invocation)
configure:5497: $? = 1
configure: failed program was:
| /* confdefs.h */
| #define PACKAGE_NAME "the_silver_searcher"
| #define PACKAGE_TARNAME "the_silver_searcher"
| #define PACKAGE_VERSION "2.2.0"
| #define PACKAGE_STRING "the_silver_searcher 2.2.0"
| #define PACKAGE_BUGREPORT "https://github.com/ggreer/the_silver_searcher/issues"
| #define PACKAGE_URL "https://github.com/ggreer/the_silver_searcher"
| #define STDC_HEADERS 1
| #define HAVE_SYS_TYPES_H 1
| #define HAVE_SYS_STAT_H 1
| #define HAVE_STDLIB_H 1
| #define HAVE_STRING_H 1
| #define HAVE_MEMORY_H 1
| #define HAVE_STRINGS_H 1
| #define HAVE_INTTYPES_H 1
| #define HAVE_STDINT_H 1
| #define HAVE_UNISTD_H 1
| #define HAVE_PTHREAD_PRIO_INHERIT 1
| #define HAVE_PTHREAD_H 1
| #define HAVE_ZLIB_H 1
| #define USE_PCRE_JIT /**/
| #define HAVE_ERR_H 1
| #define HAVE_DIRENT_DTYPE /**/
| #define HAVE_DIRENT_DNAMLEN /**/
| #define HAVE_FGETLN 1
| #define HAVE_GETLINE 1
| #define HAVE_REALPATH 1
| #define HAVE_STRLCPY 1
| #define HAVE_STRNDUP 1
| #define HAVE_VASPRINTF 1
| #define HAVE_MADVISE 1
| /* end confdefs.h.  */
| /* Define posix_fadvise to an innocuous variant, in case <limits.h> declares posix_fadvise.
|    For example, HP-UX 11i <limits.h> declares gettimeofday.  */
| #define posix_fadvise innocuous_posix_fadvise
| 
| /* System header to define __stub macros and hopefully few prototypes,
|     which can conflict with char posix_fadvise (); below.
|     Prefer <limits.h> to <assert.h> if __STDC__ is defined, since
|     <limits.h> exists even on freestanding compilers.  */
| 
| #ifdef __STDC__
| # include <limits.h>
| #else
| # include <assert.h>
| #endif
| 
| #undef posix_fadvise
| 
| /* Override any GCC internal prototype to avoid an error.
|    Use char because int might match the return type of a GCC
|    builtin and then its argument prototype would still apply.  */
| #ifdef __cplusplus
| extern "C"
| #endif
| char posix_fadvise ();
| /* The GNU C library defines this for functions which it implements
|     to always fail with ENOSYS.  Some functions are actually named
|     something starting with __ and the normal name is an alias.  */
| #if defined __stub_posix_fadvise || defined __stub___posix_fadvise
| choke me
| #endif
| 
| int
| main ()
| {
| return posix_fadvise ();
|   ;
|   return 0;
| }
configure:5497: result: no
configure:5497: checking for pthread_setaffinity_np
configure:5497: /home/growtopiajaw/Desktop/cctools-port-master/usage_examples/ios_toolchain/target/bin/arm-apple-darwin11-clang -o conftest -arch arm64 -isysroot /home/growtopiajaw/Desktop/cctools-port-master/usage_examples/ios_toolchain/target/SDK/iPhoneOS12.4.sdk -miphoneos-version-min=12.4 -O2 -D_THREAD_SAFE -pthread  -Wall -Wextra -Wformat=2 -Wno-format-nonliteral -Wshadow -Wpointer-arith -Wcast-qual -Wmissing-prototypes -Wno-missing-braces -std=gnu89 -D_GNU_SOURCE  -arch arm64 -isysroot /home/growtopiajaw/Desktop/cctools-port-master/usage_examples/ios_toolchain/target/SDK/iPhoneOS12.4.sdk -miphoneos-version-min=12.4 conftest.c -lz   >&5
Undefined symbols for architecture arm64:
  "_pthread_setaffinity_np", referenced from:
      _main in conftest-21fd70.o
ld: symbol(s) not found for architecture arm64
clang: error: linker command failed with exit code 1 (use -v to see invocation)
configure:5497: $? = 1
configure: failed program was:
| /* confdefs.h */
| #define PACKAGE_NAME "the_silver_searcher"
| #define PACKAGE_TARNAME "the_silver_searcher"
| #define PACKAGE_VERSION "2.2.0"
| #define PACKAGE_STRING "the_silver_searcher 2.2.0"
| #define PACKAGE_BUGREPORT "https://github.com/ggreer/the_silver_searcher/issues"
| #define PACKAGE_URL "https://github.com/ggreer/the_silver_searcher"
| #define STDC_HEADERS 1
| #define HAVE_SYS_TYPES_H 1
| #define HAVE_SYS_STAT_H 1
| #define HAVE_STDLIB_H 1
| #define HAVE_STRING_H 1
| #define HAVE_MEMORY_H 1
| #define HAVE_STRINGS_H 1
| #define HAVE_INTTYPES_H 1
| #define HAVE_STDINT_H 1
| #define HAVE_UNISTD_H 1
| #define HAVE_PTHREAD_PRIO_INHERIT 1
| #define HAVE_PTHREAD_H 1
| #define HAVE_ZLIB_H 1
| #define USE_PCRE_JIT /**/
| #define HAVE_ERR_H 1
| #define HAVE_DIRENT_DTYPE /**/
| #define HAVE_DIRENT_DNAMLEN /**/
| #define HAVE_FGETLN 1
| #define HAVE_GETLINE 1
| #define HAVE_REALPATH 1
| #define HAVE_STRLCPY 1
| #define HAVE_STRNDUP 1
| #define HAVE_VASPRINTF 1
| #define HAVE_MADVISE 1
| /* end confdefs.h.  */
| /* Define pthread_setaffinity_np to an innocuous variant, in case <limits.h> declares pthread_setaffinity_np.
|    For example, HP-UX 11i <limits.h> declares gettimeofday.  */
| #define pthread_setaffinity_np innocuous_pthread_setaffinity_np
| 
| /* System header to define __stub macros and hopefully few prototypes,
|     which can conflict with char pthread_setaffinity_np (); below.
|     Prefer <limits.h> to <assert.h> if __STDC__ is defined, since
|     <limits.h> exists even on freestanding compilers.  */
| 
| #ifdef __STDC__
| # include <limits.h>
| #else
| # include <assert.h>
| #endif
| 
| #undef pthread_setaffinity_np
| 
| /* Override any GCC internal prototype to avoid an error.
|    Use char because int might match the return type of a GCC
|    builtin and then its argument prototype would still apply.  */
| #ifdef __cplusplus
| extern "C"
| #endif
| char pthread_setaffinity_np ();
| /* The GNU C library defines this for functions which it implements
|     to always fail with ENOSYS.  Some functions are actually named
|     something starting with __ and the normal name is an alias.  */
| #if defined __stub_pthread_setaffinity_np || defined __stub___pthread_setaffinity_np
| choke me
| #endif
| 
| int
| main ()
| {
| return pthread_setaffinity_np ();
|   ;
|   return 0;
| }
configure:5497: result: no
configure:5497: checking for pledge
configure:5497: /home/growtopiajaw/Desktop/cctools-port-master/usage_examples/ios_toolchain/target/bin/arm-apple-darwin11-clang -o conftest -arch arm64 -isysroot /home/growtopiajaw/Desktop/cctools-port-master/usage_examples/ios_toolchain/target/SDK/iPhoneOS12.4.sdk -miphoneos-version-min=12.4 -O2 -D_THREAD_SAFE -pthread  -Wall -Wextra -Wformat=2 -Wno-format-nonliteral -Wshadow -Wpointer-arith -Wcast-qual -Wmissing-prototypes -Wno-missing-braces -std=gnu89 -D_GNU_SOURCE  -arch arm64 -isysroot /home/growtopiajaw/Desktop/cctools-port-master/usage_examples/ios_toolchain/target/SDK/iPhoneOS12.4.sdk -miphoneos-version-min=12.4 conftest.c -lz   >&5
Undefined symbols for architecture arm64:
  "_pledge", referenced from:
      _main in conftest-67cf42.o
ld: symbol(s) not found for architecture arm64
clang: error: linker command failed with exit code 1 (use -v to see invocation)
configure:5497: $? = 1
configure: failed program was:
| /* confdefs.h */
| #define PACKAGE_NAME "the_silver_searcher"
| #define PACKAGE_TARNAME "the_silver_searcher"
| #define PACKAGE_VERSION "2.2.0"
| #define PACKAGE_STRING "the_silver_searcher 2.2.0"
| #define PACKAGE_BUGREPORT "https://github.com/ggreer/the_silver_searcher/issues"
| #define PACKAGE_URL "https://github.com/ggreer/the_silver_searcher"
| #define STDC_HEADERS 1
| #define HAVE_SYS_TYPES_H 1
| #define HAVE_SYS_STAT_H 1
| #define HAVE_STDLIB_H 1
| #define HAVE_STRING_H 1
| #define HAVE_MEMORY_H 1
| #define HAVE_STRINGS_H 1
| #define HAVE_INTTYPES_H 1
| #define HAVE_STDINT_H 1
| #define HAVE_UNISTD_H 1
| #define HAVE_PTHREAD_PRIO_INHERIT 1
| #define HAVE_PTHREAD_H 1
| #define HAVE_ZLIB_H 1
| #define USE_PCRE_JIT /**/
| #define HAVE_ERR_H 1
| #define HAVE_DIRENT_DTYPE /**/
| #define HAVE_DIRENT_DNAMLEN /**/
| #define HAVE_FGETLN 1
| #define HAVE_GETLINE 1
| #define HAVE_REALPATH 1
| #define HAVE_STRLCPY 1
| #define HAVE_STRNDUP 1
| #define HAVE_VASPRINTF 1
| #define HAVE_MADVISE 1
| /* end confdefs.h.  */
| /* Define pledge to an innocuous variant, in case <limits.h> declares pledge.
|    For example, HP-UX 11i <limits.h> declares gettimeofday.  */
| #define pledge innocuous_pledge
| 
| /* System header to define __stub macros and hopefully few prototypes,
|     which can conflict with char pledge (); below.
|     Prefer <limits.h> to <assert.h> if __STDC__ is defined, since
|     <limits.h> exists even on freestanding compilers.  */
| 
| #ifdef __STDC__
| # include <limits.h>
| #else
| # include <assert.h>
| #endif
| 
| #undef pledge
| 
| /* Override any GCC internal prototype to avoid an error.
|    Use char because int might match the return type of a GCC
|    builtin and then its argument prototype would still apply.  */
| #ifdef __cplusplus
| extern "C"
| #endif
| char pledge ();
| /* The GNU C library defines this for functions which it implements
|     to always fail with ENOSYS.  Some functions are actually named
|     something starting with __ and the normal name is an alias.  */
| #if defined __stub_pledge || defined __stub___pledge
| choke me
| #endif
| 
| int
| main ()
| {
| return pledge ();
|   ;
|   return 0;
| }
configure:5497: result: no
configure:5516: checking for clang-format-3.8
configure:5546: result: no
configure:5516: checking for clang-format-3.7
configure:5546: result: no
configure:5516: checking for clang-format-3.6
configure:5546: result: no
configure:5516: checking for clang-format
configure:5546: result: no
configure:5568: WARNING: clang-format not found. 'make test' will not detect improperly-formatted files.
configure:5674: checking that generated files are newer than configure
configure:5680: result: done
configure:5707: creating ./config.status

## ---------------------- ##
## Running config.status. ##
## ---------------------- ##

This file was extended by the_silver_searcher config.status 2.2.0, which was
generated by GNU Autoconf 2.69.  Invocation command line was

  CONFIG_FILES    = 
  CONFIG_HEADERS  = 
  CONFIG_LINKS    = 
  CONFIG_COMMANDS = 
  $ ./config.status 

on growtopiajaw-X555LJ

config.status:889: creating Makefile
config.status:889: creating the_silver_searcher.spec
config.status:889: creating src/config.h
config.status:1118: executing depfiles commands
config.status:1195: cd .       && sed -e '/# am--include-marker/d' Makefile         | make -f - am--depfiles
config.status:1200: $? = 0

## ---------------- ##
## Cache variables. ##
## ---------------- ##

ac_cv_build=x86_64-pc-linux-gnu
ac_cv_c_compiler_gnu=yes
ac_cv_env_CC_set=set
ac_cv_env_CC_value=/home/growtopiajaw/Desktop/cctools-port-master/usage_examples/ios_toolchain/target/bin/arm-apple-darwin11-clang
ac_cv_env_CFLAGS_set=set
ac_cv_env_CFLAGS_value='-arch arm64 -isysroot /home/growtopiajaw/Desktop/cctools-port-master/usage_examples/ios_toolchain/target/SDK/iPhoneOS12.4.sdk -miphoneos-version-min=12.4'
ac_cv_env_CPPFLAGS_set=
ac_cv_env_CPPFLAGS_value=
ac_cv_env_CPP_set=
ac_cv_env_CPP_value=
ac_cv_env_LDFLAGS_set=set
ac_cv_env_LDFLAGS_value='-arch arm64 -isysroot /home/growtopiajaw/Desktop/cctools-port-master/usage_examples/ios_toolchain/target/SDK/iPhoneOS12.4.sdk -miphoneos-version-min=12.4'
ac_cv_env_LIBS_set=
ac_cv_env_LIBS_value=
ac_cv_env_LZMA_CFLAGS_set=
ac_cv_env_LZMA_CFLAGS_value=
ac_cv_env_LZMA_LIBS_set=
ac_cv_env_LZMA_LIBS_value=
ac_cv_env_PCRE_CFLAGS_set=
ac_cv_env_PCRE_CFLAGS_value=
ac_cv_env_PCRE_LIBS_set=
ac_cv_env_PCRE_LIBS_value=
ac_cv_env_PKG_CONFIG_LIBDIR_set=
ac_cv_env_PKG_CONFIG_LIBDIR_value=
ac_cv_env_PKG_CONFIG_PATH_set=
ac_cv_env_PKG_CONFIG_PATH_value=
ac_cv_env_PKG_CONFIG_set=
ac_cv_env_PKG_CONFIG_value=
ac_cv_env_build_alias_set=
ac_cv_env_build_alias_value=
ac_cv_env_host_alias_set=set
ac_cv_env_host_alias_value=arm-apple-darwin11
ac_cv_env_target_alias_set=
ac_cv_env_target_alias_value=
ac_cv_func_fgetln=yes
ac_cv_func_fopencookie=no
ac_cv_func_getline=yes
ac_cv_func_madvise=yes
ac_cv_func_pledge=no
ac_cv_func_posix_fadvise=no
ac_cv_func_pthread_setaffinity_np=no
ac_cv_func_realpath=yes
ac_cv_func_strlcpy=yes
ac_cv_func_strndup=yes
ac_cv_func_vasprintf=yes
ac_cv_have_decl_CPU_ZERO__CPU_SET=no
ac_cv_have_decl_PCRE_CONFIG_JIT=yes
ac_cv_header_err_h=yes
ac_cv_header_inttypes_h=yes
ac_cv_header_lzma_h=no
ac_cv_header_memory_h=yes
ac_cv_header_pthread_h=yes
ac_cv_header_stdc=yes
ac_cv_header_stdint_h=yes
ac_cv_header_stdlib_h=yes
ac_cv_header_string_h=yes
ac_cv_header_strings_h=yes
ac_cv_header_sys_cpuset_h=no
ac_cv_header_sys_stat_h=yes
ac_cv_header_sys_types_h=yes
ac_cv_header_unistd_h=yes
ac_cv_header_zlib_h=yes
ac_cv_host=arm-apple-darwin11
ac_cv_member_struct_dirent_d_namlen=yes
ac_cv_member_struct_dirent_d_type=yes
ac_cv_objext=o
ac_cv_path_EGREP='/bin/grep -E'
ac_cv_path_GREP=/bin/grep
ac_cv_path_ac_pt_PKG_CONFIG=/usr/bin/pkg-config
ac_cv_path_install='/usr/bin/install -c'
ac_cv_path_mkdir=/bin/mkdir
ac_cv_prog_AWK=gawk
ac_cv_prog_CC=/home/growtopiajaw/Desktop/cctools-port-master/usage_examples/ios_toolchain/target/bin/arm-apple-darwin11-clang
ac_cv_prog_CPP='/home/growtopiajaw/Desktop/cctools-port-master/usage_examples/ios_toolchain/target/bin/arm-apple-darwin11-clang -E'
ac_cv_prog_STRIP=arm-apple-darwin11-strip
ac_cv_prog_cc_c89=
ac_cv_prog_cc_g=yes
ac_cv_prog_make_make_set=yes
ac_cv_search_inflate=-lz
am_cv_CC_dependencies_compiler_type=gcc3
am_cv_make_support_nested_variables=yes
am_cv_prog_cc_c_o=yes
ax_cv_PTHREAD_PRIO_INHERIT=yes
pkg_cv_LZMA_CFLAGS=
pkg_cv_LZMA_LIBS=-llzma
pkg_cv_PCRE_CFLAGS=
pkg_cv_PCRE_LIBS=-lpcre

## ----------------- ##
## Output variables. ##
## ----------------- ##

'
ACLOCAL='${SHELL} /home/growtopiajaw/Desktop/the_silver_searcher/missing aclocal-1.16'
AMDEPBACKSLASH='\'
AMDEP_FALSE='#'
AMDEP_TRUE=''
AMTAR='$${TAR-tar}'
AM_BACKSLASH='\'
AM_DEFAULT_V='$(AM_DEFAULT_VERBOSITY)'
AM_DEFAULT_VERBOSITY='0'
AM_V='$(V)'
AUTOCONF='${SHELL} /home/growtopiajaw/Desktop/the_silver_searcher/missing autoconf'
AUTOHEADER='${SHELL} /home/growtopiajaw/Desktop/the_silver_searcher/missing autoheader'
AUTOMAKE='${SHELL} /home/growtopiajaw/Desktop/the_silver_searcher/missing automake-1.16'
AWK='gawk'
CC='/home/growtopiajaw/Desktop/cctools-port-master/usage_examples/ios_toolchain/target/bin/arm-apple-darwin11-clang'
CCDEPMODE='depmode=gcc3'
CFLAGS='-arch arm64 -isysroot /home/growtopiajaw/Desktop/cctools-port-master/usage_examples/ios_toolchain/target/SDK/iPhoneOS12.4.sdk -miphoneos-version-min=12.4 -O2 -D_THREAD_SAFE -pthread  -Wall -Wextra -Wformat=2 -Wno-format-nonliteral -Wshadow -Wpointer-arith -Wcast-qual -Wmissing-prototypes -Wno-missing-braces -std=gnu89 -D_GNU_SOURCE'
CLANG_FORMAT='no
CPP='/home/growtopiajaw/Desktop/cctools-port-master/usage_examples/ios_toolchain/target/bin/arm-apple-darwin11-clang -E'
CPPFLAGS=''
CYGPATH_W='echo'
DEFS='-DHAVE_CONFIG_H'
DEPDIR='.deps'
ECHO_C=''
ECHO_N='-n'
ECHO_T=''
EGREP='/bin/grep -E'
EXEEXT=''
GREP='/bin/grep'
HAS_CLANG_FORMAT_FALSE=''
HAS_CLANG_FORMAT_TRUE='#'
INSTALL_DATA='${INSTALL} -m 644'
INSTALL_PROGRAM='${INSTALL}'
INSTALL_SCRIPT='${INSTALL}'
INSTALL_STRIP_PROGRAM='$(install_sh) -c -s'
LDFLAGS='-arch arm64 -isysroot /home/growtopiajaw/Desktop/cctools-port-master/usage_examples/ios_toolchain/target/SDK/iPhoneOS12.4.sdk -miphoneos-version-min=12.4'
LIBOBJS=''
LIBS='-lz  '
LTLIBOBJS=''
LZMA_CFLAGS=''
LZMA_LIBS='-llzma'
MAKEINFO='${SHELL} /home/growtopiajaw/Desktop/the_silver_searcher/missing makeinfo'
MKDIR_P='/bin/mkdir -p'
OBJEXT='o'
PACKAGE='the_silver_searcher'
PACKAGE_BUGREPORT='https://github.com/ggreer/the_silver_searcher/issues'
PACKAGE_NAME='the_silver_searcher'
PACKAGE_STRING='the_silver_searcher 2.2.0'
PACKAGE_TARNAME='the_silver_searcher'
PACKAGE_URL='https://github.com/ggreer/the_silver_searcher'
PACKAGE_VERSION='2.2.0'
PATH_SEPARATOR=':'
PCRE_CFLAGS=''
PCRE_LIBS='-lpcre'
PKG_CONFIG='/usr/bin/pkg-config'
PKG_CONFIG_LIBDIR=''
PKG_CONFIG_PATH=''
PTHREAD_CC='/home/growtopiajaw/Desktop/cctools-port-master/usage_examples/ios_toolchain/target/bin/arm-apple-darwin11-clang'
PTHREAD_CFLAGS='-D_THREAD_SAFE -pthread'
PTHREAD_LIBS=''
SET_MAKE=''
SHELL='/bin/bash'
STRIP='arm-apple-darwin11-strip'
VERSION='2.2.0'
ac_ct_CC=''
am__EXEEXT_FALSE=''
am__EXEEXT_TRUE='#'
am__fastdepCC_FALSE='#'
am__fastdepCC_TRUE=''
am__include='include'
am__isrc=''
am__leading_dot='.'
am__nodep='_no'
am__quote=''
am__tar='$${TAR-tar} chof - "$$tardir"'
am__untar='$${TAR-tar} xf -'
ax_pthread_config=''
bindir='${exec_prefix}/bin'
build='x86_64-pc-linux-gnu'
build_alias=''
build_cpu='x86_64'
build_os='linux-gnu'
build_vendor='pc'
datadir='${datarootdir}'
datarootdir='${prefix}/share'
docdir='${datarootdir}/doc/${PACKAGE_TARNAME}'
dvidir='${docdir}'
exec_prefix='${prefix}'
host='arm-apple-darwin11'
host_alias='arm-apple-darwin11'
host_cpu='arm'
host_os='darwin11'
host_vendor='apple'
htmldir='${docdir}'
includedir='${prefix}/include'
infodir='${datarootdir}/info'
install_sh='${SHELL} /home/growtopiajaw/Desktop/the_silver_searcher/install-sh'
libdir='${exec_prefix}/lib'
libexecdir='${exec_prefix}/libexec'
localedir='${datarootdir}/locale'
localstatedir='${prefix}/var'
mandir='${datarootdir}/man'
mkdir_p='$(MKDIR_P)'
oldincludedir='/usr/include'
pdfdir='${docdir}'
prefix='/usr/local'
program_transform_name='s,x,x,'
psdir='${docdir}'
runstatedir='${localstatedir}/run'
sbindir='${exec_prefix}/sbin'
sharedstatedir='${prefix}/com'
sysconfdir='${prefix}/etc'
target_alias=''

## ----------- ##
## confdefs.h. ##
## ----------- ##

/* confdefs.h */
#define PACKAGE_NAME "the_silver_searcher"
#define PACKAGE_TARNAME "the_silver_searcher"
#define PACKAGE_VERSION "2.2.0"
#define PACKAGE_STRING "the_silver_searcher 2.2.0"
#define PACKAGE_BUGREPORT "https://github.com/ggreer/the_silver_searcher/issues"
#define PACKAGE_URL "https://github.com/ggreer/the_silver_searcher"
#define STDC_HEADERS 1
#define HAVE_SYS_TYPES_H 1
#define HAVE_SYS_STAT_H 1
#define HAVE_STDLIB_H 1
#define HAVE_STRING_H 1
#define HAVE_MEMORY_H 1
#define HAVE_STRINGS_H 1
#define HAVE_INTTYPES_H 1
#define HAVE_STDINT_H 1
#define HAVE_UNISTD_H 1
#define HAVE_PTHREAD_PRIO_INHERIT 1
#define HAVE_PTHREAD_H 1
#define HAVE_ZLIB_H 1
#define USE_PCRE_JIT /**/
#define HAVE_ERR_H 1
#define HAVE_DIRENT_DTYPE /**/
#define HAVE_DIRENT_DNAMLEN /**/
#define HAVE_FGETLN 1
#define HAVE_GETLINE 1
#define HAVE_REALPATH 1
#define HAVE_STRLCPY 1
#define HAVE_STRNDUP 1
#define HAVE_VASPRINTF 1
#define HAVE_MADVISE 1

configure: exit 0
